Case #1: AANPCSS HCKEJJVYRXT
Case #2: ITWMOY XZVXNZRMHQEJZ
Case #3: OHLEFH G WKBURBZSSCN
Case #4: L YZ FZPAXUHYTND OIM
Case #5: ENIUGCRGFPSPEEMWXSDA
Case #6: CFACEEBJQMDOUKXPNUZ
Case #7: ETRFCTUB SSNSPTIEOX
Case #8: KR BEJ VO XJZYTZLHMY
Case #9: BQEC PUWWEZJ RSDKKP
Case #10: X QAFVRZUGLAQBKYCIYN
Case #11: RJVJWVQPWICSILFHKMC
Case #12: IU KQFWM ZNOXWASCKYN
Case #13: JOHNSON
Case #14: DLKCE A GQIDFUJZCWDN
Case #15: FFRLKWCJJABU DGWY FE
Case #16: PNFCAX Y BRCIWGSKL
Case #17: ULSIFYDTHJDKGI QPCV
Case #18: GB KUSECRNVKZAFJHQ
Case #19: WMQLJPWWDHIVXPNELFY
Case #20: EAOAQJIFSAUYNGBPR
Case #21: N IFVMPNKLYBCQHDU
Case #22: RSI NUXHNA DTX CYQVM
Case #23: PLXJWW NQLGV XEURMSD
Case #24: LGTIQOIEDZRJD SR MB
Case #25: OHKU GCAYVWQM P OJB
Case #26: AFFOUUWOZTHIBYGD ZCC
Case #27: BNKCF GLIZSWWALPYD
Case #28: HFKRSDYWJXAVVOIIZX
Case #29: APYBME WZDVDWQLXS
Case #30: NMTHJRUVBFZ YIUX FW
Case #31: RQHKHPDCLOOWVUTFUZS
Case #32: LD SCNLQYEAIMLAROGU
Case #33: QVNHGHRPQTFDIUNGXOBK
Case #34: HZTEKL EICQJ OXKWNKV
Case #35: ATPJDIWZZMOBBYNCEO X
Case #36: PBDFTSCMOZFVKJLJGWOP
Case #37: GWRSFWTOYIECKAHV
Case #38: YGCDOXJFAZHBEWTRFU
Case #39: MARIWXHD CUQGKLPGBC
Case #40: MNHIO ZWPTKVNNKQGE U
Case #41: J SAHVHABQLCYTPON  O
Case #42: ERHQSXYPXAQS WTLOUJN
Case #43: EJYOCSPLTHMBN  D I W
Case #44: EJPY DFIVNXTKEQZS
Case #45: IZDQCPNZGFASFQWJB OQ
Case #46: AO  WQ RPFQNVBYODHAI
Case #47: E WVOJNQYJHBKWIXZAE
Case #48: ROFZTYNXWNULCPEQ
Case #49: IVJAUY ODCFLUBSKFB J
Case #50: KAGMWT ZDKSIVPL NVUB
Case #51: IQ GNUYDSOIRFUNWPAVZ
Case #52: ERDSF WYVYHRB XAQVK
Case #53: DGJQGRAKFRSCNB  FINY
Case #54: RIWUDTFZPCETNZLWYV
Case #55: GBMLJXHDRJ AUMFCWI
Case #56: AVNEJ XLXHRNFYXTSZW
Case #57: HI ZSSKGIPWAVVLDYK
Case #58: PWAFL AYWRPMT KUQZX
Case #59: QKWL PBZDVPGDXV OMTZ
Case #60: MIBBQTFHNPO XRDUMJUD
Case #61: DFXHTOPYVVLAKMZPCAN
Case #62: MBXKXH IELJKWC VRUIQ
Case #63: JEKUFUBZRXLB WGIOUEJ
Case #64: JFDOE Y UWYCKL OZVMI
Case #65: VTPYFEOWKXCHBQHP W J
Case #66: QE LUICWPIMMRG ANXJS
Case #67: QCEDXJTMIIUHAQKFTB
Case #68: THGQPFLQGINXOZNRXEZD
Case #69: AGUSXTACWR JBQVPG
Case #70: QHDDPDYVLLBKRMSXCSNK
Case #71: UXGAUEPRZPQOMCYNWI
Case #72: TLUOR FZ IVMDMADKQJI
Case #73: KZAEQMS NYZ LHPEBI B
Case #74: HSPVXCQZFINZSLRCDOPG
Case #75: CXASJPEMVYSDUTB MLK
Case #76: A AB C
Case #77: DP UAJRKBASE TVXVZFW
Case #78: GKYIFFRXVOBHPQODMI G
Case #79: OWFSZJOQUFCVIJWNWMRR
Case #80: F KTMGEBNJXTCHWR
Case #81: FCRNQ VMB WAODUAGU
Case #82: P B MRZ U OAYOJGIXNH
Case #83: NE QRAWDQAVUIJMZYZGJ
Case #84: QRRGCBGANNWJFPOZKKE
Case #85: FRVEXUYSRNBIAFYMVMJD
Case #86: KSURVADNHBGYXMQTYSZ
Case #87: UNIB MWW ZPHGRVJO QE
Case #88: DABPISTOMHYUETGFSH
Case #89: RVDXIMGAJ NSELTJH
Case #90: SQYW IHJDALJXPRICVZW
Case #91: VROEN HOCSOQUPTAD
Case #92: LFFZWPQVMJSCUHFDLHI
Case #93: DNJGLBHCZEWY TVLIBX
Case #94: ARPBMNHECGWICIHFOJ
Case #95: JHI BYWRNHVBPKAOQO
Case #96: QCXRKUJDLHYEGTZ VR
Case #97: F  VMJR DNOCWKPPYLIE
Case #98: WK URRYQV DDGXTICHK
Case #99: AJVTX EAPDABUUHQNIRE
Case #100: IRMQV NPFKYWEXEZP PH
